  gra.cpp
C:\Users\tomek\source\repos\PROJEKT_GRA\PROJEKT_GRA\gra.cpp(170,20): warning C4244: "=": konwersja z "double" do "T", możliwa utrata danych
          with
          [
              T=float
          ]
C:\Users\tomek\source\repos\PROJEKT_GRA\PROJEKT_GRA\gra.cpp(258,26): warning C4244: "argument": konwersja z "int" do "float", możliwa utrata danych
C:\Users\tomek\source\repos\PROJEKT_GRA\PROJEKT_GRA\gra.cpp(353,28): warning C4244: "argument": konwersja z "unsigned __int64" do "float", możliwa utrata danych
C:\Users\tomek\source\repos\PROJEKT_GRA\PROJEKT_GRA\gra.cpp(463,31): warning C4244: "=": konwersja z "int" do "float", możliwa utrata danych
C:\Users\tomek\source\repos\PROJEKT_GRA\PROJEKT_GRA\gra.cpp(479,33): warning C4244: "argument": konwersja z "int" do "float", możliwa utrata danych
C:\Users\tomek\source\repos\PROJEKT_GRA\PROJEKT_GRA\gra.cpp(480,32): warning C4244: "argument": konwersja z "int" do "float", możliwa utrata danych
C:\Users\tomek\source\repos\PROJEKT_GRA\PROJEKT_GRA\gra.cpp(491,33): warning C4244: "argument": konwersja z "int" do "float", możliwa utrata danych
C:\Users\tomek\source\repos\PROJEKT_GRA\PROJEKT_GRA\gra.cpp(492,32): warning C4244: "argument": konwersja z "int" do "float", możliwa utrata danych
C:\Users\tomek\source\repos\PROJEKT_GRA\PROJEKT_GRA\gra.cpp(503,33): warning C4244: "argument": konwersja z "int" do "float", możliwa utrata danych
C:\Users\tomek\source\repos\PROJEKT_GRA\PROJEKT_GRA\gra.cpp(504,32): warning C4244: "argument": konwersja z "int" do "float", możliwa utrata danych
  Trwa generowanie kodu
  0 of 216 functions ( 0.0%) were compiled, the rest were copied from previous compilation.
    0 functions were new in current compilation
    0 functions had inline decision re-evaluated but remain unchanged
  Zakończono generowanie kodu
  PROJEKT_GRA.vcxproj -> C:\Users\tomek\source\repos\PROJEKT_GRA\x64\Release\PROJEKT_GRA.exe
